<?xml version="1.0" encoding="UTF-8"?>
<testsuite name="com.walletapplication.payme.PayMeApplicationTest" tests="2" skipped="0" failures="0" errors="0" timestamp="2024-01-24T08:25:24" hostname="U-nishi" time="0.018">
  <properties/>
  <testcase name="corsConfigurer_shouldConfigureCorsMappings()" classname="com.walletapplication.payme.PayMeApplicationTest" time="0.017"/>
  <testcase name="corsConfigurer_shouldReturnWebMvcConfigurer()" classname="com.walletapplication.payme.PayMeApplicationTest" time="0.0"/>
  <system-out><![CDATA[]]></system-out>
  <system-err><![CDATA[]]></system-err>
</testsuite>
