<?xml version="1.0" encoding="UTF-8"?>
<testsuite name="com.walletapplication.payme.model.entity.TransactionTest" tests="1" skipped="0" failures="0" errors="0" timestamp="2024-01-16T10:40:10" hostname="U-nishi" time="0.002">
  <properties/>
  <testcase name="testGettersAndSetters()" classname="com.walletapplication.payme.model.entity.TransactionTest" time="0.002"/>
  <system-out><![CDATA[]]></system-out>
  <system-err><![CDATA[]]></system-err>
</testsuite>
