<?xml version="1.0" encoding="UTF-8"?>
<testsuite name="com.walletapplication.payme.service.AccountOpsTest" tests="10" skipped="0" failures="0" errors="0" timestamp="2024-01-16T10:28:11" hostname="U-nishi" time="0.105">
  <properties/>
  <testcase name="testDeleteAccount2()" classname="com.walletapplication.payme.service.AccountOpsTest" time="0.009"/>
  <testcase name="testDeleteAccount3()" classname="com.walletapplication.payme.service.AccountOpsTest" time="0.005"/>
  <testcase name="testGetAccount()" classname="com.walletapplication.payme.service.AccountOpsTest" time="0.005"/>
  <testcase name="testUpdateAccount()" classname="com.walletapplication.payme.service.AccountOpsTest" time="0.006"/>
  <testcase name="testGetAccount2()" classname="com.walletapplication.payme.service.AccountOpsTest" time="0.004"/>
  <testcase name="testGetAccount3()" classname="com.walletapplication.payme.service.AccountOpsTest" time="0.004"/>
  <testcase name="testDeleteAccount()" classname="com.walletapplication.payme.service.AccountOpsTest" time="0.005"/>
  <testcase name="testUpdateAccount2()" classname="com.walletapplication.payme.service.AccountOpsTest" time="0.005"/>
  <testcase name="testUpdateAccount3()" classname="com.walletapplication.payme.service.AccountOpsTest" time="0.005"/>
  <testcase name="testUpdateAccount4()" classname="com.walletapplication.payme.service.AccountOpsTest" time="0.037"/>
  <system-out><![CDATA[15:58:11.816 [Test worker] ERROR AccountOps -- Wallet does not exist: 42
15:58:11.823 [Test worker] INFO AccountOps -- Wallet retrieved successfully, wallet id 42
15:58:11.830 [Test worker] INFO AccountOps -- Wallet updated successfully, wallet id 42
15:58:11.837 [Test worker] ERROR AccountOps -- Wallet does not exist: 42
15:58:11.849 [Test worker] INFO AccountOps -- Wallet deleted successfully, wallet id 42
15:58:11.865 [Test worker] ERROR AccountOps -- Wallet does not exist: 42
]]></system-out>
  <system-err><![CDATA[]]></system-err>
</testsuite>
