<?xml version="1.0" encoding="UTF-8"?>
<testsuite name="com.walletapplication.payme.service.TransactionOpsTest" tests="15" skipped="0" failures="0" errors="0" timestamp="2024-01-15T15:52:37" hostname="nishi" time="0.123">
  <properties/>
  <testcase name="testGetTransactions2()" classname="com.walletapplication.payme.service.TransactionOpsTest" time="0.005"/>
  <testcase name="testGetTransactions()" classname="com.walletapplication.payme.service.TransactionOpsTest" time="0.006"/>
  <testcase name="testGetCashbacks2()" classname="com.walletapplication.payme.service.TransactionOpsTest" time="0.004"/>
  <testcase name="testAddMoney()" classname="com.walletapplication.payme.service.TransactionOpsTest" time="0.013"/>
  <testcase name="testSendMoney2()" classname="com.walletapplication.payme.service.TransactionOpsTest" time="0.021"/>
  <testcase name="testSendMoney3()" classname="com.walletapplication.payme.service.TransactionOpsTest" time="0.005"/>
  <testcase name="testSendMoney4()" classname="com.walletapplication.payme.service.TransactionOpsTest" time="0.005"/>
  <testcase name="testSendMoney5()" classname="com.walletapplication.payme.service.TransactionOpsTest" time="0.004"/>
  <testcase name="testGenerateTransactionId()" classname="com.walletapplication.payme.service.TransactionOpsTest" time="0.003"/>
  <testcase name="testAddMoney2()" classname="com.walletapplication.payme.service.TransactionOpsTest" time="0.005"/>
  <testcase name="testAddMoney3()" classname="com.walletapplication.payme.service.TransactionOpsTest" time="0.003"/>
  <testcase name="testAddMoney4()" classname="com.walletapplication.payme.service.TransactionOpsTest" time="0.003"/>
  <testcase name="testSendMoney()" classname="com.walletapplication.payme.service.TransactionOpsTest" time="0.003"/>
  <testcase name="testCalculateCashback()" classname="com.walletapplication.payme.service.TransactionOpsTest" time="0.003"/>
  <testcase name="testGetCashbacks()" classname="com.walletapplication.payme.service.TransactionOpsTest" time="0.004"/>
  <system-out><![CDATA[21:22:37.798 [Test worker] INFO TransactionOps -- Transaction saved, transactionId: bb226a16-0fd3-43a5-80e2-22d0ea0c3dd4
21:22:37.812 [Test worker] INFO TransactionOps -- Transaction saved, transactionId: 9bdc9637-1cad-42da-9256-109441f13bf8
21:22:37.820 [Test worker] INFO TransactionOps -- Emails triggered to respective sender and receivers email id
21:22:37.879 [Test worker] ERROR TransactionOps -- Receiver wallet: 42 and sender wallet: 42 can't be same
]]></system-out>
  <system-err><![CDATA[]]></system-err>
</testsuite>
