<?xml version="1.0" encoding="UTF-8"?>
<testsuite name="com.walletapplication.payme.service.TransactionOpsTest" tests="13" skipped="0" failures="0" errors="0" timestamp="2024-01-16T10:28:13" hostname="U-nishi" time="0.075">
  <properties/>
  <testcase name="testGetTransactions2()" classname="com.walletapplication.payme.service.TransactionOpsTest" time="0.003"/>
  <testcase name="testGetTransactions()" classname="com.walletapplication.payme.service.TransactionOpsTest" time="0.004"/>
  <testcase name="testGetCashbacks2()" classname="com.walletapplication.payme.service.TransactionOpsTest" time="0.003"/>
  <testcase name="testAddMoney()" classname="com.walletapplication.payme.service.TransactionOpsTest" time="0.008"/>
  <testcase name="testSendMoney2()" classname="com.walletapplication.payme.service.TransactionOpsTest" time="0.011"/>
  <testcase name="testSendMoney3()" classname="com.walletapplication.payme.service.TransactionOpsTest" time="0.005"/>
  <testcase name="testSendMoney4()" classname="com.walletapplication.payme.service.TransactionOpsTest" time="0.003"/>
  <testcase name="testSendMoney5()" classname="com.walletapplication.payme.service.TransactionOpsTest" time="0.003"/>
  <testcase name="testAddMoney2()" classname="com.walletapplication.payme.service.TransactionOpsTest" time="0.004"/>
  <testcase name="testAddMoney3()" classname="com.walletapplication.payme.service.TransactionOpsTest" time="0.002"/>
  <testcase name="testAddMoney4()" classname="com.walletapplication.payme.service.TransactionOpsTest" time="0.003"/>
  <testcase name="testSendMoney()" classname="com.walletapplication.payme.service.TransactionOpsTest" time="0.003"/>
  <testcase name="testGetCashbacks()" classname="com.walletapplication.payme.service.TransactionOpsTest" time="0.002"/>
  <system-out><![CDATA[15:58:13.184 [Test worker] INFO TransactionOps -- Transaction saved, transactionId: 19f7e12f-6636-4e6e-b25e-01ac6c2b16de
15:58:13.193 [Test worker] INFO TransactionOps -- Transaction saved, transactionId: f824bfcb-1616-425f-8da3-56f568062d35
15:58:13.199 [Test worker] INFO TransactionOps -- Emails triggered to respective sender and receivers email id
15:58:13.237 [Test worker] ERROR TransactionOps -- Receiver wallet: 42 and sender wallet: 42 can't be same
]]></system-out>
  <system-err><![CDATA[]]></system-err>
</testsuite>
