<?xml version="1.0" encoding="UTF-8"?>
<testsuite name="com.walletapplication.payme.controller.AccountControllerTest" tests="1" skipped="0" failures="0" errors="0" timestamp="2024-01-15T15:52:35" hostname="nishi" time="0.208">
  <properties/>
  <testcase name="testGet()" classname="com.walletapplication.payme.controller.AccountControllerTest" time="0.208"/>
  <system-out><![CDATA[21:22:33.015 [Test worker] INFO org.springframework.test.context.support.AnnotationConfigContextLoaderUtils -- Could not detect default configuration classes for test class [com.walletapplication.payme.controller.AccountControllerTest]: AccountControllerTest does not declare any static, non-private, non-final, nested classes annotated with @Configuration.
]]></system-out>
  <system-err><![CDATA[]]></system-err>
</testsuite>
