<?xml version="1.0" encoding="UTF-8"?>
<testsuite name="com.walletapplication.payme.security.AuthTokenFilterSapientGeneratedTest" tests="3" skipped="0" failures="0" errors="0" timestamp="2024-01-16T10:40:12" hostname="U-nishi" time="0.166">
  <properties/>
  <testcase name="doFilterInternalWhenJwtUtilsValidateJwtTokenJwt()" classname="com.walletapplication.payme.security.AuthTokenFilterSapientGeneratedTest" time="0.145"/>
  <testcase name="doFilterInternalWhenJwtUtilsValidateJwtTokenJwtAndCaughtException()" classname="com.walletapplication.payme.security.AuthTokenFilterSapientGeneratedTest" time="0.014"/>
  <testcase name="doFilterInternalWhenHeaderAuthNotStartsWithBearer_AndJwtIsNull()" classname="com.walletapplication.payme.security.AuthTokenFilterSapientGeneratedTest" time="0.004"/>
  <system-out><![CDATA[16:10:12.169 [junit-timeout-thread-2] ERROR AuthTokenFilter -- Cannot set user authentication: {}
java.lang.RuntimeException: null
]]></system-out>
  <system-err><![CDATA[]]></system-err>
</testsuite>
