<?xml version="1.0" encoding="UTF-8"?>
<testsuite name="com.walletapplication.payme.service.AuthenticationServiceTest" tests="7" skipped="0" failures="0" errors="0" timestamp="2024-01-14T16:09:21" hostname="nishi" time="0.154">
  <properties/>
  <testcase name="testLogin()" classname="com.walletapplication.payme.service.AuthenticationServiceTest" time="0.025"/>
  <testcase name="testLogin2()" classname="com.walletapplication.payme.service.AuthenticationServiceTest" time="0.007"/>
  <testcase name="testLogin3()" classname="com.walletapplication.payme.service.AuthenticationServiceTest" time="0.062"/>
  <testcase name="testSignup2()" classname="com.walletapplication.payme.service.AuthenticationServiceTest" time="0.013"/>
  <testcase name="testSignup3()" classname="com.walletapplication.payme.service.AuthenticationServiceTest" time="0.007"/>
  <testcase name="testSignup4()" classname="com.walletapplication.payme.service.AuthenticationServiceTest" time="0.006"/>
  <testcase name="testSignup()" classname="com.walletapplication.payme.service.AuthenticationServiceTest" time="0.007"/>
  <system-out><![CDATA[21:39:21.728 [Test worker] INFO AuthenticationService -- Wallet created with wallet id: 1
21:39:21.750 [Test worker] ERROR AuthenticationService -- Error while processing email, invalid email
21:39:21.761 [Test worker] ERROR AuthenticationService -- Error while processing email jane.doe@example.org
]]></system-out>
  <system-err><![CDATA[]]></system-err>
</testsuite>
