<?xml version="1.0" encoding="UTF-8"?>
<testsuite name="com.walletapplication.payme.service.SequenceGeneratorTest" tests="1" skipped="0" failures="0" errors="0" timestamp="2024-01-16T10:28:12" hostname="U-nishi" time="0.097">
  <properties/>
  <testcase name="testGenerateSequence()" classname="com.walletapplication.payme.service.SequenceGeneratorTest" time="0.097"/>
  <system-out><![CDATA[]]></system-out>
  <system-err><![CDATA[]]></system-err>
</testsuite>
