<?xml version="1.0" encoding="UTF-8"?>
<testsuite name="com.walletapplication.payme.model.exceptions.EntityAlreadyExistsExceptionTest" tests="2" skipped="0" failures="0" errors="0" timestamp="2024-01-16T10:28:10" hostname="U-nishi" time="0.017">
  <properties/>
  <testcase name="testParameterizedConstructor()" classname="com.walletapplication.payme.model.exceptions.EntityAlreadyExistsExceptionTest" time="0.016"/>
  <testcase name="testDefaultConstructor()" classname="com.walletapplication.payme.model.exceptions.EntityAlreadyExistsExceptionTest" time="0.0"/>
  <system-out><![CDATA[]]></system-out>
  <system-err><![CDATA[]]></system-err>
</testsuite>
