<?xml version="1.0" encoding="UTF-8"?>
<testsuite name="com.walletapplication.payme.PayMeApplicationTest" tests="1" skipped="0" failures="0" errors="0" timestamp="2024-01-12T08:04:11" hostname="U-nishi" time="0.014">
  <properties/>
  <testcase name="testCorsConfigurer()" classname="com.walletapplication.payme.PayMeApplicationTest" time="0.014"/>
  <system-out><![CDATA[]]></system-out>
  <system-err><![CDATA[]]></system-err>
</testsuite>
