<?xml version="1.0" encoding="UTF-8"?>
<testsuite name="com.walletapplication.payme.utils.EmailQueueWorkerTest" tests="2" skipped="0" failures="0" errors="0" timestamp="2024-01-15T15:52:37" hostname="nishi" time="1.589">
  <properties/>
  <testcase name="testProcessEmailQueue()" classname="com.walletapplication.payme.utils.EmailQueueWorkerTest" time="1.576"/>
  <testcase name="testProcessEmailQueueWithInvalidJson()" classname="com.walletapplication.payme.utils.EmailQueueWorkerTest" time="0.012"/>
  <system-out><![CDATA[]]></system-out>
  <system-err><![CDATA[]]></system-err>
</testsuite>
