<?xml version="1.0" encoding="UTF-8"?>
<testsuite name="com.walletapplication.payme.service.EmailServiceTest" tests="2" skipped="0" failures="0" errors="0" timestamp="2024-01-16T10:28:12" hostname="U-nishi" time="0.669">
  <properties/>
  <testcase name="sendEmail_shouldThrowExceptionOnJsonProcessingError()" classname="com.walletapplication.payme.service.EmailServiceTest" time="0.663"/>
  <testcase name="sendEmail_shouldPushToRedisQueue()" classname="com.walletapplication.payme.service.EmailServiceTest" time="0.005"/>
  <system-out><![CDATA[15:58:12.728 [Test worker] INFO EmailService -- Pushing the email details to redis queue. Email Details: {"receiverEmail":"recipient@example.com","subject":"Subject","body":"Body"}
15:58:12.734 [Test worker] INFO EmailService -- Pushing the email details to redis queue. Email Details: {"receiverEmail":"recipient@example.com","subject":"Subject","body":"Body"}
]]></system-out>
  <system-err><![CDATA[]]></system-err>
</testsuite>
