<?xml version="1.0" encoding="UTF-8"?>
<testsuite name="com.walletapplication.payme.utils.EmailQueueWorkerTest" tests="2" skipped="0" failures="0" errors="0" timestamp="2024-01-24T08:25:27" hostname="U-nishi" time="0.036">
  <properties/>
  <testcase name="testProcessEmailQueue()" classname="com.walletapplication.payme.utils.EmailQueueWorkerTest" time="0.033"/>
  <testcase name="testProcessEmailQueueWithInvalidJson()" classname="com.walletapplication.payme.utils.EmailQueueWorkerTest" time="0.003"/>
  <system-out><![CDATA[]]></system-out>
  <system-err><![CDATA[]]></system-err>
</testsuite>
