<?xml version="1.0" encoding="UTF-8"?>
<testsuite name="com.walletapplication.payme.service.AccountOpsTest" tests="10" skipped="0" failures="0" errors="0" timestamp="2024-01-24T08:25:26" hostname="U-nishi" time="0.055">
  <properties/>
  <testcase name="testDeleteAccount2()" classname="com.walletapplication.payme.service.AccountOpsTest" time="0.005"/>
  <testcase name="testDeleteAccount3()" classname="com.walletapplication.payme.service.AccountOpsTest" time="0.003"/>
  <testcase name="testGetAccount()" classname="com.walletapplication.payme.service.AccountOpsTest" time="0.003"/>
  <testcase name="testUpdateAccount()" classname="com.walletapplication.payme.service.AccountOpsTest" time="0.003"/>
  <testcase name="testGetAccount2()" classname="com.walletapplication.payme.service.AccountOpsTest" time="0.003"/>
  <testcase name="testGetAccount3()" classname="com.walletapplication.payme.service.AccountOpsTest" time="0.002"/>
  <testcase name="testDeleteAccount()" classname="com.walletapplication.payme.service.AccountOpsTest" time="0.002"/>
  <testcase name="testUpdateAccount2()" classname="com.walletapplication.payme.service.AccountOpsTest" time="0.003"/>
  <testcase name="testUpdateAccount3()" classname="com.walletapplication.payme.service.AccountOpsTest" time="0.001"/>
  <testcase name="testUpdateAccount4()" classname="com.walletapplication.payme.service.AccountOpsTest" time="0.018"/>
  <system-out><![CDATA[13:55:26.342 [Test worker] ERROR AccountOps -- Wallet does not exist: 42
13:55:26.347 [Test worker] INFO AccountOps -- Wallet retrieved successfully, wallet id 42
13:55:26.352 [Test worker] INFO AccountOps -- Wallet updated successfully, wallet id 42
13:55:26.356 [Test worker] ERROR AccountOps -- Wallet does not exist: 42
13:55:26.364 [Test worker] INFO AccountOps -- Wallet deleted successfully, wallet id 42
13:55:26.371 [Test worker] ERROR AccountOps -- Wallet does not exist: 42
]]></system-out>
  <system-err><![CDATA[]]></system-err>
</testsuite>
