<?xml version="1.0" encoding="UTF-8"?>
<testsuite name="com.walletapplication.payme.model.outbound.TransactionResponseTest" tests="3" skipped="0" failures="0" errors="0" timestamp="2024-01-16T10:40:10" hostname="U-nishi" time="0.003">
  <properties/>
  <testcase name="testGettersAndSetters()" classname="com.walletapplication.payme.model.outbound.TransactionResponseTest" time="0.0"/>
  <testcase name="testBuilder()" classname="com.walletapplication.payme.model.outbound.TransactionResponseTest" time="0.002"/>
  <testcase name="testAllArgsConstructor()" classname="com.walletapplication.payme.model.outbound.TransactionResponseTest" time="0.0"/>
  <system-out><![CDATA[]]></system-out>
  <system-err><![CDATA[]]></system-err>
</testsuite>
