<?xml version="1.0" encoding="UTF-8"?>
<testsuite name="com.walletapplication.payme.service.AccountOpsTest" tests="10" skipped="0" failures="0" errors="0" timestamp="2024-01-15T15:52:36" hostname="nishi" time="0.132">
  <properties/>
  <testcase name="testDeleteAccount2()" classname="com.walletapplication.payme.service.AccountOpsTest" time="0.017"/>
  <testcase name="testDeleteAccount3()" classname="com.walletapplication.payme.service.AccountOpsTest" time="0.012"/>
  <testcase name="testGetAccount()" classname="com.walletapplication.payme.service.AccountOpsTest" time="0.006"/>
  <testcase name="testUpdateAccount()" classname="com.walletapplication.payme.service.AccountOpsTest" time="0.007"/>
  <testcase name="testGetAccount2()" classname="com.walletapplication.payme.service.AccountOpsTest" time="0.006"/>
  <testcase name="testGetAccount3()" classname="com.walletapplication.payme.service.AccountOpsTest" time="0.005"/>
  <testcase name="testDeleteAccount()" classname="com.walletapplication.payme.service.AccountOpsTest" time="0.006"/>
  <testcase name="testUpdateAccount2()" classname="com.walletapplication.payme.service.AccountOpsTest" time="0.005"/>
  <testcase name="testUpdateAccount3()" classname="com.walletapplication.payme.service.AccountOpsTest" time="0.005"/>
  <testcase name="testUpdateAccount4()" classname="com.walletapplication.payme.service.AccountOpsTest" time="0.037"/>
  <system-out><![CDATA[21:22:36.664 [Test worker] ERROR AccountOps -- Wallet does not exist: 42
21:22:36.679 [Test worker] INFO AccountOps -- Wallet retrieved successfully, wallet id 42
21:22:36.688 [Test worker] INFO AccountOps -- Wallet updated successfully, wallet id 42
21:22:36.698 [Test worker] ERROR AccountOps -- Wallet does not exist: 42
21:22:36.715 [Test worker] INFO AccountOps -- Wallet deleted successfully, wallet id 42
21:22:36.730 [Test worker] ERROR AccountOps -- Wallet does not exist: 42
]]></system-out>
  <system-err><![CDATA[]]></system-err>
</testsuite>
