<?xml version="1.0" encoding="UTF-8"?>
<testsuite name="com.walletapplication.payme.model.entity.DatabaseSequenceTest" tests="1" skipped="0" failures="0" errors="0" timestamp="2024-01-24T08:25:25" hostname="U-nishi" time="0.001">
  <properties/>
  <testcase name="testGettersAndSetters()" classname="com.walletapplication.payme.model.entity.DatabaseSequenceTest" time="0.001"/>
  <system-out><![CDATA[]]></system-out>
  <system-err><![CDATA[]]></system-err>
</testsuite>
